<?xml version="1.0" encoding="UTF-8"?>
<robot generator="Robot 3.2.1 (Python 3.8.4 on win32)" generated="20200716 13:37:03.533" rpa="false">
<suite id="s1" name="TestSuite1" source="C:\Users\LocalUser\eclipse-workspace\RobotProject1\test\TestSuite1.robot">
<kw name="Log" library="BuiltIn" type="setup">
<doc>Logs the given message with the given level.</doc>
<arguments>
<arg>I am inside Test Suite Setup</arg>
</arguments>
<msg timestamp="20200716 13:37:03.694" level="INFO">I am inside Test Suite Setup</msg>
<status status="PASS" starttime="20200716 13:37:03.694" endtime="20200716 13:37:03.694"></status>
</kw>
<test id="s1-t1" name="MyFirstTest">
<kw name="Log" library="BuiltIn" type="setup">
<doc>Logs the given message with the given level.</doc>
<arguments>
<arg>I am inside Test Setup</arg>
</arguments>
<msg timestamp="20200716 13:37:03.695" level="INFO">I am inside Test Setup</msg>
<status status="PASS" starttime="20200716 13:37:03.695" endtime="20200716 13:37:03.695"></status>
</kw>
<kw name="Log" library="BuiltIn">
<doc>Logs the given message with the given level.</doc>
<arguments>
<arg>Hello World...</arg>
</arguments>
<msg timestamp="20200716 13:37:03.696" level="INFO">Hello World...</msg>
<status status="PASS" starttime="20200716 13:37:03.695" endtime="20200716 13:37:03.696"></status>
</kw>
<kw name="Log" library="BuiltIn" type="teardown">
<doc>Logs the given message with the given level.</doc>
<arguments>
<arg>I am inside Test Teardown</arg>
</arguments>
<msg timestamp="20200716 13:37:03.696" level="INFO">I am inside Test Teardown</msg>
<status status="PASS" starttime="20200716 13:37:03.696" endtime="20200716 13:37:03.696"></status>
</kw>
<tags>
<tag>smoke</tag>
</tags>
<status status="PASS" starttime="20200716 13:37:03.694" endtime="20200716 13:37:03.697" critical="yes"></status>
</test>
<test id="s1-t2" name="MySecondTest">
<kw name="Log" library="BuiltIn" type="setup">
<doc>Logs the given message with the given level.</doc>
<arguments>
<arg>I am inside Test Setup</arg>
</arguments>
<msg timestamp="20200716 13:37:03.698" level="INFO">I am inside Test Setup</msg>
<status status="PASS" starttime="20200716 13:37:03.698" endtime="20200716 13:37:03.698"></status>
</kw>
<kw name="Log" library="BuiltIn">
<doc>Logs the given message with the given level.</doc>
<arguments>
<arg>This is the second test</arg>
</arguments>
<msg timestamp="20200716 13:37:03.699" level="INFO">This is the second test</msg>
<status status="PASS" starttime="20200716 13:37:03.699" endtime="20200716 13:37:03.699"></status>
</kw>
<kw name="Log" library="BuiltIn" type="teardown">
<doc>Logs the given message with the given level.</doc>
<arguments>
<arg>I am inside Test Teardown</arg>
</arguments>
<msg timestamp="20200716 13:37:03.699" level="INFO">I am inside Test Teardown</msg>
<status status="PASS" starttime="20200716 13:37:03.699" endtime="20200716 13:37:03.700"></status>
</kw>
<tags>
<tag>sanity</tag>
</tags>
<status status="PASS" starttime="20200716 13:37:03.698" endtime="20200716 13:37:03.700" critical="yes"></status>
</test>
<test id="s1-t3" name="MyThirdTest">
<kw name="Log" library="BuiltIn" type="setup">
<doc>Logs the given message with the given level.</doc>
<arguments>
<arg>I am inside Test Setup</arg>
</arguments>
<msg timestamp="20200716 13:37:03.701" level="INFO">I am inside Test Setup</msg>
<status status="PASS" starttime="20200716 13:37:03.701" endtime="20200716 13:37:03.701"></status>
</kw>
<kw name="Log" library="BuiltIn">
<doc>Logs the given message with the given level.</doc>
<arguments>
<arg>This is my third test</arg>
</arguments>
<msg timestamp="20200716 13:37:03.701" level="INFO">This is my third test</msg>
<status status="PASS" starttime="20200716 13:37:03.701" endtime="20200716 13:37:03.701"></status>
</kw>
<kw name="Log" library="BuiltIn" type="teardown">
<doc>Logs the given message with the given level.</doc>
<arguments>
<arg>I am inside Test Teardown</arg>
</arguments>
<msg timestamp="20200716 13:37:03.702" level="INFO">I am inside Test Teardown</msg>
<status status="PASS" starttime="20200716 13:37:03.702" endtime="20200716 13:37:03.702"></status>
</kw>
<tags>
<tag>sanity</tag>
</tags>
<status status="PASS" starttime="20200716 13:37:03.700" endtime="20200716 13:37:03.702" critical="yes"></status>
</test>
<kw name="Log" library="BuiltIn" type="teardown">
<doc>Logs the given message with the given level.</doc>
<arguments>
<arg>I am inside Test Suite Teardown</arg>
</arguments>
<msg timestamp="20200716 13:37:03.703" level="INFO">I am inside Test Suite Teardown</msg>
<status status="PASS" starttime="20200716 13:37:03.703" endtime="20200716 13:37:03.703"></status>
</kw>
<status status="PASS" starttime="20200716 13:37:03.534" endtime="20200716 13:37:03.703"></status>
</suite>
<statistics>
<total>
<stat pass="3" fail="0">Critical Tests</stat>
<stat pass="3" fail="0">All Tests</stat>
</total>
<tag>
<stat pass="2" fail="0">sanity</stat>
<stat pass="1" fail="0">smoke</stat>
</tag>
<suite>
<stat pass="3" fail="0" id="s1" name="TestSuite1">TestSuite1</stat>
</suite>
</statistics>
<errors>
</errors>
</robot>
